2015-12-23 14:15:28,515 [localhost-startStop-1] ERROR StackTrace  - Full Stack Trace:
org.springframework.beans.factory.BeanCreationException: Error creating bean with name 'transactionManagerPostProcessor': Initialization of bean failed; nested exception is org.springframework.beans.factory.BeanCreationException: Error creating bean with name 'transactionManager': Cannot resolve reference to bean 'sessionFactory' while setting bean property 'sessionFactory'; nested exception is org.springframework.beans.factory.BeanCreationException: Error creating bean with name 'sessionFactory': Invocation of init method failed; nested exception is org.hibernate.MappingException: Association references unmapped class: java.util.Set
	at org.springframework.beans.factory.support.AbstractAutowireCapableBeanFactory.doCreateBean(AbstractAutowireCapableBeanFactory.java:547)
	at org.springframework.beans.factory.support.AbstractAutowireCapableBeanFactory.createBean(AbstractAutowireCapableBeanFactory.java:475)
	at org.springframework.beans.factory.support.AbstractBeanFactory$1.getObject(AbstractBeanFactory.java:302)
	at org.springframework.beans.factory.support.DefaultSingletonBeanRegistry.getSingleton(DefaultSingletonBeanRegistry.java:228)
	at org.springframework.beans.factory.support.AbstractBeanFactory.doGetBean(AbstractBeanFactory.java:298)
	at org.springframework.beans.factory.support.AbstractBeanFactory.getBean(AbstractBeanFactory.java:198)
	at org.springframework.context.support.PostProcessorRegistrationDelegate.registerBeanPostProcessors(PostProcessorRegistrationDelegate.java:199)
	at org.springframework.context.support.AbstractApplicationContext.registerBeanPostProcessors(AbstractApplicationContext.java:620)
	at org.springframework.context.support.AbstractApplicationContext.refresh(AbstractApplicationContext.java:467)
	at org.codehaus.groovy.grails.commons.spring.DefaultRuntimeSpringConfiguration.getApplicationContext(DefaultRuntimeSpringConfiguration.java:156)
	at org.codehaus.groovy.grails.commons.spring.GrailsRuntimeConfigurator.initializeContext(GrailsRuntimeConfigurator.java:188)
	at org.codehaus.groovy.grails.commons.spring.GrailsRuntimeConfigurator.configure(GrailsRuntimeConfigurator.java:168)
	at org.codehaus.groovy.grails.commons.spring.GrailsRuntimeConfigurator.configure(GrailsRuntimeConfigurator.java:127)
	at org.codehaus.groovy.grails.web.context.GrailsConfigUtils.configureWebApplicationContext(GrailsConfigUtils.java:126)
	at org.codehaus.groovy.grails.web.context.GrailsContextLoaderListener.initWebApplicationContext(GrailsContextLoaderListener.java:109)
	at org.springframework.web.context.ContextLoaderListener.contextInitialized(ContextLoaderListener.java:106)
	at org.apache.catalina.core.StandardContext.listenerStart(StandardContext.java:4992)
	at org.apache.catalina.core.StandardContext.startInternal(StandardContext.java:5490)
	at org.apache.catalina.util.LifecycleBase.start(LifecycleBase.java:150)
	at org.apache.catalina.core.ContainerBase$StartChild.call(ContainerBase.java:1575)
	at org.apache.catalina.core.ContainerBase$StartChild.call(ContainerBase.java:1565)
	at java.util.concurrent.FutureTask.run(FutureTask.java:262)
	at java.util.concurrent.ThreadPoolExecutor.runWorker(ThreadPoolExecutor.java:1145)
	at java.util.concurrent.ThreadPoolExecutor$Worker.run(ThreadPoolExecutor.java:615)
	at java.lang.Thread.run(Thread.java:745)
Caused by: org.springframework.beans.factory.BeanCreationException: Error creating bean with name 'transactionManager': Cannot resolve reference to bean 'sessionFactory' while setting bean property 'sessionFactory'; nested exception is org.springframework.beans.factory.BeanCreationException: Error creating bean with name 'sessionFactory': Invocation of init method failed; nested exception is org.hibernate.MappingException: Association references unmapped class: java.util.Set
	at org.springframework.beans.factory.support.BeanDefinitionValueResolver.resolveReference(BeanDefinitionValueResolver.java:336)
	at org.springframework.beans.factory.support.BeanDefinitionValueResolver.resolveValueIfNecessary(BeanDefinitionValueResolver.java:108)
	at org.springframework.beans.factory.support.AbstractAutowireCapableBeanFactory.applyPropertyValues(AbstractAutowireCapableBeanFactory.java:1457)
	at org.springframework.beans.factory.support.AbstractAutowireCapableBeanFactory.populateBean(AbstractAutowireCapableBeanFactory.java:1198)
	at org.springframework.beans.factory.support.AbstractAutowireCapableBeanFactory.doCreateBean(AbstractAutowireCapableBeanFactory.java:537)
	at org.springframework.beans.factory.support.AbstractAutowireCapableBeanFactory.createBean(AbstractAutowireCapableBeanFactory.java:475)
	at org.springframework.beans.factory.support.AbstractBeanFactory$1.getObject(AbstractBeanFactory.java:302)
	at org.springframework.beans.factory.support.DefaultSingletonBeanRegistry.getSingleton(DefaultSingletonBeanRegistry.java:228)
	at org.springframework.beans.factory.support.AbstractBeanFactory.doGetBean(AbstractBeanFactory.java:298)
	at org.springframework.beans.factory.support.AbstractBeanFactory.getBean(AbstractBeanFactory.java:198)
	at org.codehaus.groovy.grails.orm.support.TransactionManagerPostProcessor.initialize(TransactionManagerPostProcessor.java:74)
	at org.codehaus.groovy.grails.orm.support.TransactionManagerPostProcessor.setBeanFactory(TransactionManagerPostProcessor.java:52)
	at org.springframework.beans.factory.support.AbstractAutowireCapableBeanFactory.invokeAwareMethods(AbstractAutowireCapableBeanFactory.java:1573)
	at org.springframework.beans.factory.support.AbstractAutowireCapableBeanFactory.initializeBean(AbstractAutowireCapableBeanFactory.java:1541)
	at org.springframework.beans.factory.support.AbstractAutowireCapableBeanFactory.doCreateBean(AbstractAutowireCapableBeanFactory.java:539)
	... 24 more
Caused by: org.springframework.beans.factory.BeanCreationException: Error creating bean with name 'sessionFactory': Invocation of init method failed; nested exception is org.hibernate.MappingException: Association references unmapped class: java.util.Set
	at org.springframework.beans.factory.support.AbstractAutowireCapableBeanFactory.initializeBean(AbstractAutowireCapableBeanFactory.java:1554)
	at org.springframework.beans.factory.support.AbstractAutowireCapableBeanFactory.doCreateBean(AbstractAutowireCapableBeanFactory.java:539)
	at org.springframework.beans.factory.support.AbstractAutowireCapableBeanFactory.createBean(AbstractAutowireCapableBeanFactory.java:475)
	at org.springframework.beans.factory.support.AbstractBeanFactory$1.getObject(AbstractBeanFactory.java:302)
	at org.springframework.beans.factory.support.DefaultSingletonBeanRegistry.getSingleton(DefaultSingletonBeanRegistry.java:228)
	at org.springframework.beans.factory.support.AbstractBeanFactory.doGetBean(AbstractBeanFactory.java:298)
	at org.springframework.beans.factory.support.AbstractBeanFactory.getBean(AbstractBeanFactory.java:193)
	at org.springframework.beans.factory.support.BeanDefinitionValueResolver.resolveReference(BeanDefinitionValueResolver.java:328)
	... 38 more
Caused by: org.hibernate.MappingException: Association references unmapped class: java.util.Set
	at org.codehaus.groovy.grails.orm.hibernate.cfg.AbstractGrailsDomainBinder.bindCollectionSecondPass(AbstractGrailsDomainBinder.java:436)
	at org.codehaus.groovy.grails.orm.hibernate.cfg.AbstractGrailsDomainBinder$GrailsCollectionSecondPass.doSecondPass(AbstractGrailsDomainBinder.java:150)
	at org.hibernate.cfg.Configuration.originalSecondPassCompile(Configuration.java:1695)
	at org.hibernate.cfg.Configuration.secondPassCompile(Configuration.java:1424)
	at org.codehaus.groovy.grails.orm.hibernate.cfg.GrailsAnnotationConfiguration.secondPassCompile(GrailsAnnotationConfiguration.java:173)
	at org.hibernate.cfg.Configuration.buildSessionFactory(Configuration.java:1844)
	at org.codehaus.groovy.grails.orm.hibernate.cfg.GrailsAnnotationConfiguration.buildSessionFactory(GrailsAnnotationConfiguration.java:372)
	at org.codehaus.groovy.grails.orm.hibernate.ConfigurableLocalSessionFactoryBean.doBuildSessionFactory(ConfigurableLocalSessionFactoryBean.java:479)
	at org.codehaus.groovy.grails.orm.hibernate.ConfigurableLocalSessionFactoryBean.buildSessionFactory(ConfigurableLocalSessionFactoryBean.java:473)
	at org.codehaus.groovy.grails.orm.hibernate.ConfigurableLocalSessionFactoryBean.afterPropertiesSet(ConfigurableLocalSessionFactoryBean.java:387)
	at org.springframework.beans.factory.support.AbstractAutowireCapableBeanFactory.invokeInitMethods(AbstractAutowireCapableBeanFactory.java:1613)
	at org.springframework.beans.factory.support.AbstractAutowireCapableBeanFactory.initializeBean(AbstractAutowireCapableBeanFactory.java:1550)
	... 45 more
2015-12-23 14:15:28,515 [localhost-startStop-1] ERROR StackTrace  - Full Stack Trace:
org.springframework.beans.factory.BeanCreationException: Error creating bean with name 'transactionManager': Cannot resolve reference to bean 'sessionFactory' while setting bean property 'sessionFactory'; nested exception is org.springframework.beans.factory.BeanCreationException: Error creating bean with name 'sessionFactory': Invocation of init method failed; nested exception is org.hibernate.MappingException: Association references unmapped class: java.util.Set
	at org.springframework.beans.factory.support.BeanDefinitionValueResolver.resolveReference(BeanDefinitionValueResolver.java:336)
	at org.springframework.beans.factory.support.BeanDefinitionValueResolver.resolveValueIfNecessary(BeanDefinitionValueResolver.java:108)
	at org.springframework.beans.factory.support.AbstractAutowireCapableBeanFactory.applyPropertyValues(AbstractAutowireCapableBeanFactory.java:1457)
	at org.springframework.beans.factory.support.AbstractAutowireCapableBeanFactory.populateBean(AbstractAutowireCapableBeanFactory.java:1198)
	at org.springframework.beans.factory.support.AbstractAutowireCapableBeanFactory.doCreateBean(AbstractAutowireCapableBeanFactory.java:537)
	at org.springframework.beans.factory.support.AbstractAutowireCapableBeanFactory.createBean(AbstractAutowireCapableBeanFactory.java:475)
	at org.springframework.beans.factory.support.AbstractBeanFactory$1.getObject(AbstractBeanFactory.java:302)
	at org.springframework.beans.factory.support.DefaultSingletonBeanRegistry.getSingleton(DefaultSingletonBeanRegistry.java:228)
	at org.springframework.beans.factory.support.AbstractBeanFactory.doGetBean(AbstractBeanFactory.java:298)
	at org.springframework.beans.factory.support.AbstractBeanFactory.getBean(AbstractBeanFactory.java:198)
	at org.codehaus.groovy.grails.orm.support.TransactionManagerPostProcessor.initialize(TransactionManagerPostProcessor.java:74)
	at org.codehaus.groovy.grails.orm.support.TransactionManagerPostProcessor.setBeanFactory(TransactionManagerPostProcessor.java:52)
	at org.springframework.beans.factory.support.AbstractAutowireCapableBeanFactory.invokeAwareMethods(AbstractAutowireCapableBeanFactory.java:1573)
	at org.springframework.beans.factory.support.AbstractAutowireCapableBeanFactory.initializeBean(AbstractAutowireCapableBeanFactory.java:1541)
	at org.springframework.beans.factory.support.AbstractAutowireCapableBeanFactory.doCreateBean(AbstractAutowireCapableBeanFactory.java:539)
	at org.springframework.beans.factory.support.AbstractAutowireCapableBeanFactory.createBean(AbstractAutowireCapableBeanFactory.java:475)
	at org.springframework.beans.factory.support.AbstractBeanFactory$1.getObject(AbstractBeanFactory.java:302)
	at org.springframework.beans.factory.support.DefaultSingletonBeanRegistry.getSingleton(DefaultSingletonBeanRegistry.java:228)
	at org.springframework.beans.factory.support.AbstractBeanFactory.doGetBean(AbstractBeanFactory.java:298)
	at org.springframework.beans.factory.support.AbstractBeanFactory.getBean(AbstractBeanFactory.java:198)
	at org.springframework.context.support.PostProcessorRegistrationDelegate.registerBeanPostProcessors(PostProcessorRegistrationDelegate.java:199)
	at org.springframework.context.support.AbstractApplicationContext.registerBeanPostProcessors(AbstractApplicationContext.java:620)
	at org.springframework.context.support.AbstractApplicationContext.refresh(AbstractApplicationContext.java:467)
	at org.codehaus.groovy.grails.commons.spring.DefaultRuntimeSpringConfiguration.getApplicationContext(DefaultRuntimeSpringConfiguration.java:156)
	at org.codehaus.groovy.grails.commons.spring.GrailsRuntimeConfigurator.initializeContext(GrailsRuntimeConfigurator.java:188)
	at org.codehaus.groovy.grails.commons.spring.GrailsRuntimeConfigurator.configure(GrailsRuntimeConfigurator.java:168)
	at org.codehaus.groovy.grails.commons.spring.GrailsRuntimeConfigurator.configure(GrailsRuntimeConfigurator.java:127)
	at org.codehaus.groovy.grails.web.context.GrailsConfigUtils.configureWebApplicationContext(GrailsConfigUtils.java:126)
	at org.codehaus.groovy.grails.web.context.GrailsContextLoaderListener.initWebApplicationContext(GrailsContextLoaderListener.java:109)
	at org.springframework.web.context.ContextLoaderListener.contextInitialized(ContextLoaderListener.java:106)
	at org.apache.catalina.core.StandardContext.listenerStart(StandardContext.java:4992)
	at org.apache.catalina.core.StandardContext.startInternal(StandardContext.java:5490)
	at org.apache.catalina.util.LifecycleBase.start(LifecycleBase.java:150)
	at org.apache.catalina.core.ContainerBase$StartChild.call(ContainerBase.java:1575)
	at org.apache.catalina.core.ContainerBase$StartChild.call(ContainerBase.java:1565)
	at java.util.concurrent.FutureTask.run(FutureTask.java:262)
	at java.util.concurrent.ThreadPoolExecutor.runWorker(ThreadPoolExecutor.java:1145)
	at java.util.concurrent.ThreadPoolExecutor$Worker.run(ThreadPoolExecutor.java:615)
	at java.lang.Thread.run(Thread.java:745)
Caused by: org.springframework.beans.factory.BeanCreationException: Error creating bean with name 'sessionFactory': Invocation of init method failed; nested exception is org.hibernate.MappingException: Association references unmapped class: java.util.Set
	at org.springframework.beans.factory.support.AbstractAutowireCapableBeanFactory.initializeBean(AbstractAutowireCapableBeanFactory.java:1554)
	at org.springframework.beans.factory.support.AbstractAutowireCapableBeanFactory.doCreateBean(AbstractAutowireCapableBeanFactory.java:539)
	at org.springframework.beans.factory.support.AbstractAutowireCapableBeanFactory.createBean(AbstractAutowireCapableBeanFactory.java:475)
	at org.springframework.beans.factory.support.AbstractBeanFactory$1.getObject(AbstractBeanFactory.java:302)
	at org.springframework.beans.factory.support.DefaultSingletonBeanRegistry.getSingleton(DefaultSingletonBeanRegistry.java:228)
	at org.springframework.beans.factory.support.AbstractBeanFactory.doGetBean(AbstractBeanFactory.java:298)
	at org.springframework.beans.factory.support.AbstractBeanFactory.getBean(AbstractBeanFactory.java:193)
	at org.springframework.beans.factory.support.BeanDefinitionValueResolver.resolveReference(BeanDefinitionValueResolver.java:328)
	... 38 more
Caused by: org.hibernate.MappingException: Association references unmapped class: java.util.Set
	at org.codehaus.groovy.grails.orm.hibernate.cfg.AbstractGrailsDomainBinder.bindCollectionSecondPass(AbstractGrailsDomainBinder.java:436)
	at org.codehaus.groovy.grails.orm.hibernate.cfg.AbstractGrailsDomainBinder$GrailsCollectionSecondPass.doSecondPass(AbstractGrailsDomainBinder.java:150)
	at org.hibernate.cfg.Configuration.originalSecondPassCompile(Configuration.java:1695)
	at org.hibernate.cfg.Configuration.secondPassCompile(Configuration.java:1424)
	at org.codehaus.groovy.grails.orm.hibernate.cfg.GrailsAnnotationConfiguration.secondPassCompile(GrailsAnnotationConfiguration.java:173)
	at org.hibernate.cfg.Configuration.buildSessionFactory(Configuration.java:1844)
	at org.codehaus.groovy.grails.orm.hibernate.cfg.GrailsAnnotationConfiguration.buildSessionFactory(GrailsAnnotationConfiguration.java:372)
	at org.codehaus.groovy.grails.orm.hibernate.ConfigurableLocalSessionFactoryBean.doBuildSessionFactory(ConfigurableLocalSessionFactoryBean.java:479)
	at org.codehaus.groovy.grails.orm.hibernate.ConfigurableLocalSessionFactoryBean.buildSessionFactory(ConfigurableLocalSessionFactoryBean.java:473)
	at org.codehaus.groovy.grails.orm.hibernate.ConfigurableLocalSessionFactoryBean.afterPropertiesSet(ConfigurableLocalSessionFactoryBean.java:387)
	at org.springframework.beans.factory.support.AbstractAutowireCapableBeanFactory.invokeInitMethods(AbstractAutowireCapableBeanFactory.java:1613)
	at org.springframework.beans.factory.support.AbstractAutowireCapableBeanFactory.initializeBean(AbstractAutowireCapableBeanFactory.java:1550)
	... 45 more
2015-12-23 14:15:28,515 [localhost-startStop-1] ERROR StackTrace  - Full Stack Trace:
org.springframework.beans.factory.BeanCreationException: Error creating bean with name 'sessionFactory': Invocation of init method failed; nested exception is org.hibernate.MappingException: Association references unmapped class: java.util.Set
	at org.springframework.beans.factory.support.AbstractAutowireCapableBeanFactory.initializeBean(AbstractAutowireCapableBeanFactory.java:1554)
	at org.springframework.beans.factory.support.AbstractAutowireCapableBeanFactory.doCreateBean(AbstractAutowireCapableBeanFactory.java:539)
	at org.springframework.beans.factory.support.AbstractAutowireCapableBeanFactory.createBean(AbstractAutowireCapableBeanFactory.java:475)
	at org.springframework.beans.factory.support.AbstractBeanFactory$1.getObject(AbstractBeanFactory.java:302)
	at org.springframework.beans.factory.support.DefaultSingletonBeanRegistry.getSingleton(DefaultSingletonBeanRegistry.java:228)
	at org.springframework.beans.factory.support.AbstractBeanFactory.doGetBean(AbstractBeanFactory.java:298)
	at org.springframework.beans.factory.support.AbstractBeanFactory.getBean(AbstractBeanFactory.java:193)
	at org.springframework.beans.factory.support.BeanDefinitionValueResolver.resolveReference(BeanDefinitionValueResolver.java:328)
	at org.springframework.beans.factory.support.BeanDefinitionValueResolver.resolveValueIfNecessary(BeanDefinitionValueResolver.java:108)
	at org.springframework.beans.factory.support.AbstractAutowireCapableBeanFactory.applyPropertyValues(AbstractAutowireCapableBeanFactory.java:1457)
	at org.springframework.beans.factory.support.AbstractAutowireCapableBeanFactory.populateBean(AbstractAutowireCapableBeanFactory.java:1198)
	at org.springframework.beans.factory.support.AbstractAutowireCapableBeanFactory.doCreateBean(AbstractAutowireCapableBeanFactory.java:537)
	at org.springframework.beans.factory.support.AbstractAutowireCapableBeanFactory.createBean(AbstractAutowireCapableBeanFactory.java:475)
	at org.springframework.beans.factory.support.AbstractBeanFactory$1.getObject(AbstractBeanFactory.java:302)
	at org.springframework.beans.factory.support.DefaultSingletonBeanRegistry.getSingleton(DefaultSingletonBeanRegistry.java:228)
	at org.springframework.beans.factory.support.AbstractBeanFactory.doGetBean(AbstractBeanFactory.java:298)
	at org.springframework.beans.factory.support.AbstractBeanFactory.getBean(AbstractBeanFactory.java:198)
	at org.codehaus.groovy.grails.orm.support.TransactionManagerPostProcessor.initialize(TransactionManagerPostProcessor.java:74)
	at org.codehaus.groovy.grails.orm.support.TransactionManagerPostProcessor.setBeanFactory(TransactionManagerPostProcessor.java:52)
	at org.springframework.beans.factory.support.AbstractAutowireCapableBeanFactory.invokeAwareMethods(AbstractAutowireCapableBeanFactory.java:1573)
	at org.springframework.beans.factory.support.AbstractAutowireCapableBeanFactory.initializeBean(AbstractAutowireCapableBeanFactory.java:1541)
	at org.springframework.beans.factory.support.AbstractAutowireCapableBeanFactory.doCreateBean(AbstractAutowireCapableBeanFactory.java:539)
	at org.springframework.beans.factory.support.AbstractAutowireCapableBeanFactory.createBean(AbstractAutowireCapableBeanFactory.java:475)
	at org.springframework.beans.factory.support.AbstractBeanFactory$1.getObject(AbstractBeanFactory.java:302)
	at org.springframework.beans.factory.support.DefaultSingletonBeanRegistry.getSingleton(DefaultSingletonBeanRegistry.java:228)
	at org.springframework.beans.factory.support.AbstractBeanFactory.doGetBean(AbstractBeanFactory.java:298)
	at org.springframework.beans.factory.support.AbstractBeanFactory.getBean(AbstractBeanFactory.java:198)
	at org.springframework.context.support.PostProcessorRegistrationDelegate.registerBeanPostProcessors(PostProcessorRegistrationDelegate.java:199)
	at org.springframework.context.support.AbstractApplicationContext.registerBeanPostProcessors(AbstractApplicationContext.java:620)
	at org.springframework.context.support.AbstractApplicationContext.refresh(AbstractApplicationContext.java:467)
	at org.codehaus.groovy.grails.commons.spring.DefaultRuntimeSpringConfiguration.getApplicationContext(DefaultRuntimeSpringConfiguration.java:156)
	at org.codehaus.groovy.grails.commons.spring.GrailsRuntimeConfigurator.initializeContext(GrailsRuntimeConfigurator.java:188)
	at org.codehaus.groovy.grails.commons.spring.GrailsRuntimeConfigurator.configure(GrailsRuntimeConfigurator.java:168)
	at org.codehaus.groovy.grails.commons.spring.GrailsRuntimeConfigurator.configure(GrailsRuntimeConfigurator.java:127)
	at org.codehaus.groovy.grails.web.context.GrailsConfigUtils.configureWebApplicationContext(GrailsConfigUtils.java:126)
	at org.codehaus.groovy.grails.web.context.GrailsContextLoaderListener.initWebApplicationContext(GrailsContextLoaderListener.java:109)
	at org.springframework.web.context.ContextLoaderListener.contextInitialized(ContextLoaderListener.java:106)
	at org.apache.catalina.core.StandardContext.listenerStart(StandardContext.java:4992)
	at org.apache.catalina.core.StandardContext.startInternal(StandardContext.java:5490)
	at org.apache.catalina.util.LifecycleBase.start(LifecycleBase.java:150)
	at org.apache.catalina.core.ContainerBase$StartChild.call(ContainerBase.java:1575)
	at org.apache.catalina.core.ContainerBase$StartChild.call(ContainerBase.java:1565)
	at java.util.concurrent.FutureTask.run(FutureTask.java:262)
	at java.util.concurrent.ThreadPoolExecutor.runWorker(ThreadPoolExecutor.java:1145)
	at java.util.concurrent.ThreadPoolExecutor$Worker.run(ThreadPoolExecutor.java:615)
	at java.lang.Thread.run(Thread.java:745)
Caused by: org.hibernate.MappingException: Association references unmapped class: java.util.Set
	at org.codehaus.groovy.grails.orm.hibernate.cfg.AbstractGrailsDomainBinder.bindCollectionSecondPass(AbstractGrailsDomainBinder.java:436)
	at org.codehaus.groovy.grails.orm.hibernate.cfg.AbstractGrailsDomainBinder$GrailsCollectionSecondPass.doSecondPass(AbstractGrailsDomainBinder.java:150)
	at org.hibernate.cfg.Configuration.originalSecondPassCompile(Configuration.java:1695)
	at org.hibernate.cfg.Configuration.secondPassCompile(Configuration.java:1424)
	at org.codehaus.groovy.grails.orm.hibernate.cfg.GrailsAnnotationConfiguration.secondPassCompile(GrailsAnnotationConfiguration.java:173)
	at org.hibernate.cfg.Configuration.buildSessionFactory(Configuration.java:1844)
	at org.codehaus.groovy.grails.orm.hibernate.cfg.GrailsAnnotationConfiguration.buildSessionFactory(GrailsAnnotationConfiguration.java:372)
	at org.codehaus.groovy.grails.orm.hibernate.ConfigurableLocalSessionFactoryBean.doBuildSessionFactory(ConfigurableLocalSessionFactoryBean.java:479)
	at org.codehaus.groovy.grails.orm.hibernate.ConfigurableLocalSessionFactoryBean.buildSessionFactory(ConfigurableLocalSessionFactoryBean.java:473)
	at org.codehaus.groovy.grails.orm.hibernate.ConfigurableLocalSessionFactoryBean.afterPropertiesSet(ConfigurableLocalSessionFactoryBean.java:387)
	at org.springframework.beans.factory.support.AbstractAutowireCapableBeanFactory.invokeInitMethods(AbstractAutowireCapableBeanFactory.java:1613)
	at org.springframework.beans.factory.support.AbstractAutowireCapableBeanFactory.initializeBean(AbstractAutowireCapableBeanFactory.java:1550)
	... 45 more
2015-12-23 14:15:28,515 [localhost-startStop-1] ERROR StackTrace  - Full Stack Trace:
org.hibernate.MappingException: Association references unmapped class: java.util.Set
	at org.codehaus.groovy.grails.orm.hibernate.cfg.AbstractGrailsDomainBinder.bindCollectionSecondPass(AbstractGrailsDomainBinder.java:436)
	at org.codehaus.groovy.grails.orm.hibernate.cfg.AbstractGrailsDomainBinder$GrailsCollectionSecondPass.doSecondPass(AbstractGrailsDomainBinder.java:150)
	at org.hibernate.cfg.Configuration.originalSecondPassCompile(Configuration.java:1695)
	at org.hibernate.cfg.Configuration.secondPassCompile(Configuration.java:1424)
	at org.codehaus.groovy.grails.orm.hibernate.cfg.GrailsAnnotationConfiguration.secondPassCompile(GrailsAnnotationConfiguration.java:173)
	at org.hibernate.cfg.Configuration.buildSessionFactory(Configuration.java:1844)
	at org.codehaus.groovy.grails.orm.hibernate.cfg.GrailsAnnotationConfiguration.buildSessionFactory(GrailsAnnotationConfiguration.java:372)
	at org.codehaus.groovy.grails.orm.hibernate.ConfigurableLocalSessionFactoryBean.doBuildSessionFactory(ConfigurableLocalSessionFactoryBean.java:479)
	at org.codehaus.groovy.grails.orm.hibernate.ConfigurableLocalSessionFactoryBean.buildSessionFactory(ConfigurableLocalSessionFactoryBean.java:473)
	at org.codehaus.groovy.grails.orm.hibernate.ConfigurableLocalSessionFactoryBean.afterPropertiesSet(ConfigurableLocalSessionFactoryBean.java:387)
	at org.springframework.beans.factory.support.AbstractAutowireCapableBeanFactory.invokeInitMethods(AbstractAutowireCapableBeanFactory.java:1613)
	at org.springframework.beans.factory.support.AbstractAutowireCapableBeanFactory.initializeBean(AbstractAutowireCapableBeanFactory.java:1550)
	at org.springframework.beans.factory.support.AbstractAutowireCapableBeanFactory.doCreateBean(AbstractAutowireCapableBeanFactory.java:539)
	at org.springframework.beans.factory.support.AbstractAutowireCapableBeanFactory.createBean(AbstractAutowireCapableBeanFactory.java:475)
	at org.springframework.beans.factory.support.AbstractBeanFactory$1.getObject(AbstractBeanFactory.java:302)
	at org.springframework.beans.factory.support.DefaultSingletonBeanRegistry.getSingleton(DefaultSingletonBeanRegistry.java:228)
	at org.springframework.beans.factory.support.AbstractBeanFactory.doGetBean(AbstractBeanFactory.java:298)
	at org.springframework.beans.factory.support.AbstractBeanFactory.getBean(AbstractBeanFactory.java:193)
	at org.springframework.beans.factory.support.BeanDefinitionValueResolver.resolveReference(BeanDefinitionValueResolver.java:328)
	at org.springframework.beans.factory.support.BeanDefinitionValueResolver.resolveValueIfNecessary(BeanDefinitionValueResolver.java:108)
	at org.springframework.beans.factory.support.AbstractAutowireCapableBeanFactory.applyPropertyValues(AbstractAutowireCapableBeanFactory.java:1457)
	at org.springframework.beans.factory.support.AbstractAutowireCapableBeanFactory.populateBean(AbstractAutowireCapableBeanFactory.java:1198)
	at org.springframework.beans.factory.support.AbstractAutowireCapableBeanFactory.doCreateBean(AbstractAutowireCapableBeanFactory.java:537)
	at org.springframework.beans.factory.support.AbstractAutowireCapableBeanFactory.createBean(AbstractAutowireCapableBeanFactory.java:475)
	at org.springframework.beans.factory.support.AbstractBeanFactory$1.getObject(AbstractBeanFactory.java:302)
	at org.springframework.beans.factory.support.DefaultSingletonBeanRegistry.getSingleton(DefaultSingletonBeanRegistry.java:228)
	at org.springframework.beans.factory.support.AbstractBeanFactory.doGetBean(AbstractBeanFactory.java:298)
	at org.springframework.beans.factory.support.AbstractBeanFactory.getBean(AbstractBeanFactory.java:198)
	at org.codehaus.groovy.grails.orm.support.TransactionManagerPostProcessor.initialize(TransactionManagerPostProcessor.java:74)
	at org.codehaus.groovy.grails.orm.support.TransactionManagerPostProcessor.setBeanFactory(TransactionManagerPostProcessor.java:52)
	at org.springframework.beans.factory.support.AbstractAutowireCapableBeanFactory.invokeAwareMethods(AbstractAutowireCapableBeanFactory.java:1573)
	at org.springframework.beans.factory.support.AbstractAutowireCapableBeanFactory.initializeBean(AbstractAutowireCapableBeanFactory.java:1541)
	at org.springframework.beans.factory.support.AbstractAutowireCapableBeanFactory.doCreateBean(AbstractAutowireCapableBeanFactory.java:539)
	at org.springframework.beans.factory.support.AbstractAutowireCapableBeanFactory.createBean(AbstractAutowireCapableBeanFactory.java:475)
	at org.springframework.beans.factory.support.AbstractBeanFactory$1.getObject(AbstractBeanFactory.java:302)
	at org.springframework.beans.factory.support.DefaultSingletonBeanRegistry.getSingleton(DefaultSingletonBeanRegistry.java:228)
	at org.springframework.beans.factory.support.AbstractBeanFactory.doGetBean(AbstractBeanFactory.java:298)
	at org.springframework.beans.factory.support.AbstractBeanFactory.getBean(AbstractBeanFactory.java:198)
	at org.springframework.context.support.PostProcessorRegistrationDelegate.registerBeanPostProcessors(PostProcessorRegistrationDelegate.java:199)
	at org.springframework.context.support.AbstractApplicationContext.registerBeanPostProcessors(AbstractApplicationContext.java:620)
	at org.springframework.context.support.AbstractApplicationContext.refresh(AbstractApplicationContext.java:467)
	at org.codehaus.groovy.grails.commons.spring.DefaultRuntimeSpringConfiguration.getApplicationContext(DefaultRuntimeSpringConfiguration.java:156)
	at org.codehaus.groovy.grails.commons.spring.GrailsRuntimeConfigurator.initializeContext(GrailsRuntimeConfigurator.java:188)
	at org.codehaus.groovy.grails.commons.spring.GrailsRuntimeConfigurator.configure(GrailsRuntimeConfigurator.java:168)
	at org.codehaus.groovy.grails.commons.spring.GrailsRuntimeConfigurator.configure(GrailsRuntimeConfigurator.java:127)
	at org.codehaus.groovy.grails.web.context.GrailsConfigUtils.configureWebApplicationContext(GrailsConfigUtils.java:126)
	at org.codehaus.groovy.grails.web.context.GrailsContextLoaderListener.initWebApplicationContext(GrailsContextLoaderListener.java:109)
	at org.springframework.web.context.ContextLoaderListener.contextInitialized(ContextLoaderListener.java:106)
	at org.apache.catalina.core.StandardContext.listenerStart(StandardContext.java:4992)
	at org.apache.catalina.core.StandardContext.startInternal(StandardContext.java:5490)
	at org.apache.catalina.util.LifecycleBase.start(LifecycleBase.java:150)
	at org.apache.catalina.core.ContainerBase$StartChild.call(ContainerBase.java:1575)
	at org.apache.catalina.core.ContainerBase$StartChild.call(ContainerBase.java:1565)
	at java.util.concurrent.FutureTask.run(FutureTask.java:262)
	at java.util.concurrent.ThreadPoolExecutor.runWorker(ThreadPoolExecutor.java:1145)
	at java.util.concurrent.ThreadPoolExecutor$Worker.run(ThreadPoolExecutor.java:615)
	at java.lang.Thread.run(Thread.java:745)
2015-12-23 14:15:28,515 [localhost-startStop-1] ERROR StackTrace  - Full Stack Trace:
org.springframework.beans.factory.BeanCreationException: Error creating bean with name 'transactionManagerPostProcessor': Initialization of bean failed; nested exception is org.springframework.beans.factory.BeanCreationException: Error creating bean with name 'transactionManager': Cannot resolve reference to bean 'sessionFactory' while setting bean property 'sessionFactory'; nested exception is org.springframework.beans.factory.BeanCreationException: Error creating bean with name 'sessionFactory': Invocation of init method failed; nested exception is org.hibernate.MappingException: Association references unmapped class: java.util.Set
	at java.util.concurrent.FutureTask.run(FutureTask.java:262)
	at java.util.concurrent.ThreadPoolExecutor.runWorker(ThreadPoolExecutor.java:1145)
	at java.util.concurrent.ThreadPoolExecutor$Worker.run(ThreadPoolExecutor.java:615)
	at java.lang.Thread.run(Thread.java:745)
Caused by: org.springframework.beans.factory.BeanCreationException: Error creating bean with name 'transactionManager': Cannot resolve reference to bean 'sessionFactory' while setting bean property 'sessionFactory'; nested exception is org.springframework.beans.factory.BeanCreationException: Error creating bean with name 'sessionFactory': Invocation of init method failed; nested exception is org.hibernate.MappingException: Association references unmapped class: java.util.Set
	... 4 more
Caused by: org.springframework.beans.factory.BeanCreationException: Error creating bean with name 'sessionFactory': Invocation of init method failed; nested exception is org.hibernate.MappingException: Association references unmapped class: java.util.Set
	... 4 more
Caused by: org.hibernate.MappingException: Association references unmapped class: java.util.Set
	... 4 more
2015-12-23 14:15:28,515 [localhost-startStop-1] ERROR StackTrace  - Full Stack Trace:
org.springframework.beans.factory.BeanCreationException: Error creating bean with name 'transactionManagerPostProcessor': Initialization of bean failed; nested exception is org.springframework.beans.factory.BeanCreationException: Error creating bean with name 'transactionManager': Cannot resolve reference to bean 'sessionFactory' while setting bean property 'sessionFactory'; nested exception is org.springframework.beans.factory.BeanCreationException: Error creating bean with name 'sessionFactory': Invocation of init method failed; nested exception is org.hibernate.MappingException: Association references unmapped class: java.util.Set
	at java.util.concurrent.FutureTask.run(FutureTask.java:262)
	at java.util.concurrent.ThreadPoolExecutor.runWorker(ThreadPoolExecutor.java:1145)
	at java.util.concurrent.ThreadPoolExecutor$Worker.run(ThreadPoolExecutor.java:615)
	at java.lang.Thread.run(Thread.java:745)
Caused by: org.springframework.beans.factory.BeanCreationException: Error creating bean with name 'transactionManager': Cannot resolve reference to bean 'sessionFactory' while setting bean property 'sessionFactory'; nested exception is org.springframework.beans.factory.BeanCreationException: Error creating bean with name 'sessionFactory': Invocation of init method failed; nested exception is org.hibernate.MappingException: Association references unmapped class: java.util.Set
	... 4 more
Caused by: org.springframework.beans.factory.BeanCreationException: Error creating bean with name 'sessionFactory': Invocation of init method failed; nested exception is org.hibernate.MappingException: Association references unmapped class: java.util.Set
	... 4 more
Caused by: org.hibernate.MappingException: Association references unmapped class: java.util.Set
	... 4 more
2015-12-23 14:15:28,515 [localhost-startStop-1] ERROR StackTrace  - Full Stack Trace:
org.springframework.beans.factory.BeanCreationException: Error creating bean with name 'transactionManager': Cannot resolve reference to bean 'sessionFactory' while setting bean property 'sessionFactory'; nested exception is org.springframework.beans.factory.BeanCreationException: Error creating bean with name 'sessionFactory': Invocation of init method failed; nested exception is org.hibernate.MappingException: Association references unmapped class: java.util.Set
	at java.util.concurrent.FutureTask.run(FutureTask.java:262)
	at java.util.concurrent.ThreadPoolExecutor.runWorker(ThreadPoolExecutor.java:1145)
	at java.util.concurrent.ThreadPoolExecutor$Worker.run(ThreadPoolExecutor.java:615)
	at java.lang.Thread.run(Thread.java:745)
Caused by: org.springframework.beans.factory.BeanCreationException: Error creating bean with name 'sessionFactory': Invocation of init method failed; nested exception is org.hibernate.MappingException: Association references unmapped class: java.util.Set
	... 4 more
Caused by: org.hibernate.MappingException: Association references unmapped class: java.util.Set
	... 4 more
2015-12-23 14:15:28,515 [localhost-startStop-1] ERROR StackTrace  - Full Stack Trace:
org.springframework.beans.factory.BeanCreationException: Error creating bean with name 'sessionFactory': Invocation of init method failed; nested exception is org.hibernate.MappingException: Association references unmapped class: java.util.Set
	at java.util.concurrent.FutureTask.run(FutureTask.java:262)
	at java.util.concurrent.ThreadPoolExecutor.runWorker(ThreadPoolExecutor.java:1145)
	at java.util.concurrent.ThreadPoolExecutor$Worker.run(ThreadPoolExecutor.java:615)
	at java.lang.Thread.run(Thread.java:745)
Caused by: org.hibernate.MappingException: Association references unmapped class: java.util.Set
	... 4 more
2015-12-23 14:15:28,515 [localhost-startStop-1] ERROR StackTrace  - Full Stack Trace:
org.hibernate.MappingException: Association references unmapped class: java.util.Set
	at java.util.concurrent.FutureTask.run(FutureTask.java:262)
	at java.util.concurrent.ThreadPoolExecutor.runWorker(ThreadPoolExecutor.java:1145)
	at java.util.concurrent.ThreadPoolExecutor$Worker.run(ThreadPoolExecutor.java:615)
	at java.lang.Thread.run(Thread.java:745)
2015-12-23 14:15:28,515 [localhost-startStop-1] ERROR StackTrace  - Full Stack Trace:
org.springframework.beans.factory.BeanCreationException: Error creating bean with name 'transactionManagerPostProcessor': Initialization of bean failed; nested exception is org.springframework.beans.factory.BeanCreationException: Error creating bean with name 'transactionManager': Cannot resolve reference to bean 'sessionFactory' while setting bean property 'sessionFactory'; nested exception is org.springframework.beans.factory.BeanCreationException: Error creating bean with name 'sessionFactory': Invocation of init method failed; nested exception is org.hibernate.MappingException: Association references unmapped class: java.util.Set
	at java.util.concurrent.FutureTask.run(FutureTask.java:262)
	at java.util.concurrent.ThreadPoolExecutor.runWorker(ThreadPoolExecutor.java:1145)
	at java.util.concurrent.ThreadPoolExecutor$Worker.run(ThreadPoolExecutor.java:615)
	at java.lang.Thread.run(Thread.java:745)
Caused by: org.springframework.beans.factory.BeanCreationException: Error creating bean with name 'transactionManager': Cannot resolve reference to bean 'sessionFactory' while setting bean property 'sessionFactory'; nested exception is org.springframework.beans.factory.BeanCreationException: Error creating bean with name 'sessionFactory': Invocation of init method failed; nested exception is org.hibernate.MappingException: Association references unmapped class: java.util.Set
	... 4 more
Caused by: org.springframework.beans.factory.BeanCreationException: Error creating bean with name 'sessionFactory': Invocation of init method failed; nested exception is org.hibernate.MappingException: Association references unmapped class: java.util.Set
	... 4 more
Caused by: org.hibernate.MappingException: Association references unmapped class: java.util.Set
	... 4 more
2015-12-23 14:15:28,515 [localhost-startStop-1] ERROR StackTrace  - Full Stack Trace:
org.springframework.beans.factory.BeanCreationException: Error creating bean with name 'transactionManagerPostProcessor': Initialization of bean failed; nested exception is org.springframework.beans.factory.BeanCreationException: Error creating bean with name 'transactionManager': Cannot resolve reference to bean 'sessionFactory' while setting bean property 'sessionFactory'; nested exception is org.springframework.beans.factory.BeanCreationException: Error creating bean with name 'sessionFactory': Invocation of init method failed; nested exception is org.hibernate.MappingException: Association references unmapped class: java.util.Set
	at java.util.concurrent.FutureTask.run(FutureTask.java:262)
	at java.util.concurrent.ThreadPoolExecutor.runWorker(ThreadPoolExecutor.java:1145)
	at java.util.concurrent.ThreadPoolExecutor$Worker.run(ThreadPoolExecutor.java:615)
	at java.lang.Thread.run(Thread.java:745)
Caused by: org.springframework.beans.factory.BeanCreationException: Error creating bean with name 'transactionManager': Cannot resolve reference to bean 'sessionFactory' while setting bean property 'sessionFactory'; nested exception is org.springframework.beans.factory.BeanCreationException: Error creating bean with name 'sessionFactory': Invocation of init method failed; nested exception is org.hibernate.MappingException: Association references unmapped class: java.util.Set
	... 4 more
Caused by: org.springframework.beans.factory.BeanCreationException: Error creating bean with name 'sessionFactory': Invocation of init method failed; nested exception is org.hibernate.MappingException: Association references unmapped class: java.util.Set
	... 4 more
Caused by: org.hibernate.MappingException: Association references unmapped class: java.util.Set
	... 4 more
2015-12-23 14:15:28,515 [localhost-startStop-1] ERROR StackTrace  - Full Stack Trace:
org.springframework.beans.factory.BeanCreationException: Error creating bean with name 'transactionManager': Cannot resolve reference to bean 'sessionFactory' while setting bean property 'sessionFactory'; nested exception is org.springframework.beans.factory.BeanCreationException: Error creating bean with name 'sessionFactory': Invocation of init method failed; nested exception is org.hibernate.MappingException: Association references unmapped class: java.util.Set
	at java.util.concurrent.FutureTask.run(FutureTask.java:262)
	at java.util.concurrent.ThreadPoolExecutor.runWorker(ThreadPoolExecutor.java:1145)
	at java.util.concurrent.ThreadPoolExecutor$Worker.run(ThreadPoolExecutor.java:615)
	at java.lang.Thread.run(Thread.java:745)
Caused by: org.springframework.beans.factory.BeanCreationException: Error creating bean with name 'sessionFactory': Invocation of init method failed; nested exception is org.hibernate.MappingException: Association references unmapped class: java.util.Set
	... 4 more
Caused by: org.hibernate.MappingException: Association references unmapped class: java.util.Set
	... 4 more
2015-12-23 14:15:28,515 [localhost-startStop-1] ERROR StackTrace  - Full Stack Trace:
org.springframework.beans.factory.BeanCreationException: Error creating bean with name 'sessionFactory': Invocation of init method failed; nested exception is org.hibernate.MappingException: Association references unmapped class: java.util.Set
	at java.util.concurrent.FutureTask.run(FutureTask.java:262)
	at java.util.concurrent.ThreadPoolExecutor.runWorker(ThreadPoolExecutor.java:1145)
	at java.util.concurrent.ThreadPoolExecutor$Worker.run(ThreadPoolExecutor.java:615)
	at java.lang.Thread.run(Thread.java:745)
Caused by: org.hibernate.MappingException: Association references unmapped class: java.util.Set
	... 4 more
2015-12-23 14:15:28,515 [localhost-startStop-1] ERROR StackTrace  - Full Stack Trace:
org.hibernate.MappingException: Association references unmapped class: java.util.Set
	at java.util.concurrent.FutureTask.run(FutureTask.java:262)
	at java.util.concurrent.ThreadPoolExecutor.runWorker(ThreadPoolExecutor.java:1145)
	at java.util.concurrent.ThreadPoolExecutor$Worker.run(ThreadPoolExecutor.java:615)
	at java.lang.Thread.run(Thread.java:745)
2015-12-23 14:15:28,515 [localhost-startStop-1] ERROR StackTrace  - Full Stack Trace:
org.springframework.beans.factory.BeanCreationException: Error creating bean with name 'transactionManagerPostProcessor': Initialization of bean failed; nested exception is org.springframework.beans.factory.BeanCreationException: Error creating bean with name 'transactionManager': Cannot resolve reference to bean 'sessionFactory' while setting bean property 'sessionFactory'; nested exception is org.springframework.beans.factory.BeanCreationException: Error creating bean with name 'sessionFactory': Invocation of init method failed; nested exception is org.hibernate.MappingException: Association references unmapped class: java.util.Set
	at java.util.concurrent.FutureTask.run(FutureTask.java:262)
	at java.util.concurrent.ThreadPoolExecutor.runWorker(ThreadPoolExecutor.java:1145)
	at java.util.concurrent.ThreadPoolExecutor$Worker.run(ThreadPoolExecutor.java:615)
	at java.lang.Thread.run(Thread.java:745)
Caused by: org.springframework.beans.factory.BeanCreationException: Error creating bean with name 'transactionManager': Cannot resolve reference to bean 'sessionFactory' while setting bean property 'sessionFactory'; nested exception is org.springframework.beans.factory.BeanCreationException: Error creating bean with name 'sessionFactory': Invocation of init method failed; nested exception is org.hibernate.MappingException: Association references unmapped class: java.util.Set
	... 4 more
Caused by: org.springframework.beans.factory.BeanCreationException: Error creating bean with name 'sessionFactory': Invocation of init method failed; nested exception is org.hibernate.MappingException: Association references unmapped class: java.util.Set
	... 4 more
Caused by: org.hibernate.MappingException: Association references unmapped class: java.util.Set
	... 4 more
